<?xml version="1.0" encoding="UTF-8"?>
<!-- Generated by org.testng.reporters.JUnitXMLReporter -->
<testsuite hostname="LAPTOP-IITIC02G" ignored="0" name="Test" tests="1" failures="1" timestamp="2022-10-31T14:55:50 IST" time="0.041" errors="0">
  <testcase name="aadduser" time="0.0" classname="tricentis_scripts.tricentis_automation">
    <failure type="org.testng.TestNGException" message="
Method public void tricentis_scripts.tricentis_automation.aadduser(java.lang.String,java.lang.String,java.lang.String,java.lang.String,java.lang.String) throws java.lang.InterruptedException requires a @DataProvider named : tricentisdata in class dataproviders.tricentis_data">
      <![CDATA[org.testng.TestNGException: 
Method public void tricentis_scripts.tricentis_automation.aadduser(java.lang.String,java.lang.String,java.lang.String,java.lang.String,java.lang.String) throws java.lang.InterruptedException requires a @DataProvider named : tricentisdata in class dataproviders.tricentis_data
at java.util.ArrayList.forEach(Unknown Source)
... Removed 24 stack frames]]>
    </failure>
  </testcase> <!-- aadduser -->
</testsuite> <!-- Test -->
