<?xml version="1.0" encoding="UTF-8"?>
<testng-results skipped="0" failed="1" ignored="0" total="1" passed="0">
  <reporter-output>
  </reporter-output>
  <suite name="Suite" duration-ms="41" started-at="2022-10-31T14:55:50 IST" finished-at="2022-10-31T14:55:50 IST">
    <groups>
    </groups>
    <test name="Test" duration-ms="41" started-at="2022-10-31T14:55:50 IST" finished-at="2022-10-31T14:55:50 IST">
      <class name="tricentis_scripts.tricentis_automation">
        <test-method status="PASS" signature="setPath()[pri:0, instance:tricentis_scripts.tricentis_automation@2641e737]" name="setPath" is-config="true" duration-ms="16" started-at="2022-10-31T14:55:50 IST" finished-at="2022-10-31T14:55:50 IST">
          <reporter-output>
          </reporter-output>
        </test-method> <!-- setPath -->
        <test-method status="FAIL" signature="aadduser(java.lang.String,java.lang.String,java.lang.String,java.lang.String,java.lang.String)[pri:0, instance:tricentis_scripts.tricentis_automation@2641e737]" name="aadduser" duration-ms="0" started-at="2022-10-31T14:55:50 IST" finished-at="2022-10-31T14:55:50 IST">
          <exception class="org.testng.TestNGException">
            <message>
              <![CDATA[
Method public void tricentis_scripts.tricentis_automation.aadduser(java.lang.String,java.lang.String,java.lang.String,java.lang.String,java.lang.String) throws java.lang.InterruptedException requires a @DataProvider named : tricentisdata in class dataproviders.tricentis_data]]>
            </message>
            <full-stacktrace>
              <![CDATA[org.testng.TestNGException: 
Method public void tricentis_scripts.tricentis_automation.aadduser(java.lang.String,java.lang.String,java.lang.String,java.lang.String,java.lang.String) throws java.lang.InterruptedException requires a @DataProvider named : tricentisdata in class dataproviders.tricentis_data
at org.testng.internal.Parameters.findDataProvider(Parameters.java:561)
at org.testng.internal.Parameters.handleParameters(Parameters.java:772)
at org.testng.internal.Parameters.handleParameters(Parameters.java:740)
at org.testng.internal.ParameterHandler.handleParameters(ParameterHandler.java:59)
at org.testng.internal.ParameterHandler.createParameters(ParameterHandler.java:38)
at org.testng.internal.TestInvoker$MethodInvocationAgent.invoke(TestInvoker.java:791)
at org.testng.internal.TestInvoker.invokeTestMethods(TestInvoker.java:146)
at org.testng.internal.TestMethodWorker.invokeTestMethods(TestMethodWorker.java:146)
at org.testng.internal.TestMethodWorker.run(TestMethodWorker.java:128)
at java.util.ArrayList.forEach(Unknown Source)
at org.testng.TestRunner.privateRun(TestRunner.java:794)
at org.testng.TestRunner.run(TestRunner.java:596)
at org.testng.SuiteRunner.runTest(SuiteRunner.java:377)
at org.testng.SuiteRunner.runSequentially(SuiteRunner.java:371)
at org.testng.SuiteRunner.privateRun(SuiteRunner.java:332)
at org.testng.SuiteRunner.run(SuiteRunner.java:276)
at org.testng.SuiteRunnerWorker.runSuite(SuiteRunnerWorker.java:53)
at org.testng.SuiteRunnerWorker.run(SuiteRunnerWorker.java:96)
at org.testng.TestNG.runSuitesSequentially(TestNG.java:1212)
at org.testng.TestNG.runSuitesLocally(TestNG.java:1134)
at org.testng.TestNG.runSuites(TestNG.java:1063)
at org.testng.TestNG.run(TestNG.java:1031)
at org.testng.remote.AbstractRemoteTestNG.run(AbstractRemoteTestNG.java:115)
at org.testng.remote.RemoteTestNG.initAndRun(RemoteTestNG.java:251)
at org.testng.remote.RemoteTestNG.main(RemoteTestNG.java:77)
]]>
            </full-stacktrace>
          </exception> <!-- org.testng.TestNGException -->
          <reporter-output>
          </reporter-output>
        </test-method> <!-- aadduser -->
        <test-method status="PASS" signature="killdriver()[pri:0, instance:tricentis_scripts.tricentis_automation@2641e737]" name="killdriver" is-config="true" duration-ms="15" started-at="2022-10-31T14:55:50 IST" finished-at="2022-10-31T14:55:50 IST">
          <reporter-output>
          </reporter-output>
        </test-method> <!-- killdriver -->
      </class> <!-- tricentis_scripts.tricentis_automation -->
    </test> <!-- Test -->
  </suite> <!-- Suite -->
</testng-results>
